<?xml version="1.0" encoding="UTF-8" ?>
<testsuite errors="0" failures="0" hostname="Inshitalma" name="shitalma.unixtools.sort.sortLibTest" skipped="0" tests="4" time="0.427" timestamp="2014-01-22T18:24:27">
  <properties>
[...]
</properties>
  <testcase classname="shitalma.unixtools.sort.sortLibTest" name="testWhenInputIsEmptyForSortedOrder" time="0.135" />
  <testcase classname="shitalma.unixtools.sort.sortLibTest" name="testWhenInputIsEmptyForReverseOrder" time="0.001" />
  <testcase classname="shitalma.unixtools.sort.sortLibTest" name="testSortData" time="0.002" />
  <testcase classname="shitalma.unixtools.sort.sortLibTest" name="testReverseData" time="0.001" />
  <system-out><![CDATA[]]></system-out>
  <system-err><![CDATA[]]></system-err>
</testsuite>
